20/12/2024 00:36:04: Service is stopping...
20/12/2024 00:36:04: Service stopped.
20/12/2024 00:36:09: Service is starting...
20/12/2024 00:36:09: Error during service start: The ConnectionString property has not been initialized.
20/12/2024 00:36:27: Service is stopping...
20/12/2024 00:36:27: Service stopped.
20/12/2024 00:36:29: Service is starting...
20/12/2024 00:36:29: Database connection successful.
20/12/2024 00:36:29: Service started successfully.
20/12/2024 00:36:29: HTTP Server started on port 5001. Listening for requests...
20/12/2024 01:40:58: Service is stopping...
20/12/2024 01:40:58: HTTP Server error: A operação de E/S foi cancelada devido a uma saída do módulo ou a um pedido da aplicação.
20/12/2024 01:40:58: Service stopped.
20/12/2024 12:39:15: Service is starting...
20/12/2024 12:39:15: Error during service start: Error loading configuration: O caminho para salvar PDFs '' é inválido ou não existe.
20/12/2024 12:40:48: Service is stopping...
20/12/2024 12:40:48: Service stopped.
20/12/2024 12:40:51: Service is starting...
20/12/2024 12:40:51: Error during service start: Error loading configuration: O caminho para salvar PDFs 'C:\ExistingFolder\PDFs' é inválido ou não existe.
20/12/2024 12:41:05: Service is stopping...
20/12/2024 12:41:05: Service stopped.
20/12/2024 12:41:09: Service is starting...
20/12/2024 12:41:09: Error during service start: Error loading configuration: O caminho para salvar PDFs 'C:\ExistingFolder\PDFs' é inválido ou não existe.
20/12/2024 12:44:52: Service is stopping...
20/12/2024 12:44:52: Service stopped.
20/12/2024 12:45:37: Service is starting...
20/12/2024 12:45:37: Database connection successful.
20/12/2024 12:45:37: Service started successfully.
20/12/2024 12:45:37: HTTP Server started on port 5001. Listening for requests...
20/12/2024 12:45:49: PDF saved at C:\Users\cokas\Desktop\sysConectorExtensions\bin\Release\net8.0-windows\teste.pdf
20/12/2024 12:45:49: Request received: POST http://localhost:5001/registration_form_base64
20/12/2024 15:20:58: Service is stopping...
20/12/2024 15:20:58: HTTP Server error: A operação de E/S foi cancelada devido a uma saída do módulo ou a um pedido da aplicação.
20/12/2024 15:20:58: Service stopped.
